<?xml version="1.0" encoding="UTF-8"?>
<testng-results ignored="1" total="2" passed="1" failed="0" skipped="0">
  <reporter-output>
  </reporter-output>
  <suite started-at="2023-07-26T15:55:23 IST" name="Default suite" finished-at="2023-07-26T15:55:47 IST" duration-ms="23195">
    <groups>
    </groups>
    <test started-at="2023-07-26T15:55:23 IST" name="Default test" finished-at="2023-07-26T15:55:47 IST" duration-ms="23195">
      <class name="practise.HandlingTab">
        <test-method signature="open()[pri:0, instance:practise.HandlingTab@2df9b86]" started-at="2023-07-26T15:55:23 IST" name="open" finished-at="2023-07-26T15:55:47 IST" duration-ms="23162" status="PASS">
          <reporter-output>
          </reporter-output>
        </test-method> <!-- open -->
      </class> <!-- practise.HandlingTab -->
    </test> <!-- Default test -->
  </suite> <!-- Default suite -->
</testng-results>
