<?xml version="1.0" encoding="UTF-8"?>
<!-- Generated by org.testng.reporters.JUnitXMLReporter -->
<testsuite hostname="Johnsy" ignored="0" name="Default test" tests="4" failures="0" timestamp="2023-03-29T19:52:07 IST" time="0.04" errors="0">
  <testcase name="apple" time="0.005" classname="practise.TestNGFeatures"/>
  <testcase name="create" time="0.001" classname="practise.TestNGFeatures"/>
  <testcase name="edit" time="0.002" classname="practise.TestNGFeatures"/>
  <testcase name="delete" time="0.0" classname="practise.TestNGFeatures"/>
</testsuite> <!-- Default test -->
